<?xml version="1.0" encoding="UTF-8"?>
<testsuite xmlns:xsi="http://www.w3.org/2001/XMLSchema-instance" xsi:noNamespaceSchemaLocation="https://maven.apache.org/surefire/maven-surefire-plugin/xsd/surefire-test-report.xsd" version="3.0.2" name="test.zara.capitole.controller.ProductControllerTest" time="6.84" tests="5" errors="0" skipped="0" failures="0">
  <properties>
[...]
</properties>
  <testcase name="shouldFilterProducts(String, String, String, int)[1]" classname="test.zara.capitole.controller.ProductControllerTest" time="0.915">
    <system-out><![CDATA[
  .   ____          _            __ _ _
 /\\ / ___'_ __ _ _(_)_ __  __ _ \ \ \ \
( ( )\___ | '_ | '_| | '_ \/ _` | \ \ \ \
 \\/  ___)| |_)| | | | | || (_| |  ) ) ) )
  '  |____| .__|_| |_|_| |_\__, | / / / /
 =========|_|==============|___/=/_/_/_/

 :: Spring Boot ::                (v3.4.0)

2025-01-21T23:17:21.208+01:00  INFO 22804 --- [products_zara] [           main] t.z.c.controller.ProductControllerTest   : Starting ProductControllerTest using Java 17.0.10 with PID 22804 (started by Alberto in C:\Users\Alberto\Desktop\Proyectos programacion\zara)
2025-01-21T23:17:21.215+01:00  INFO 22804 --- [products_zara] [           main] t.z.c.controller.ProductControllerTest   : No active profile set, falling back to 1 default profile: "default"
2025-01-21T23:17:21.245+01:00 DEBUG 22804 --- [products_zara] [           main] o.s.w.c.s.GenericWebApplicationContext   : Refreshing org.springframework.web.context.support.GenericWebApplicationContext@62577d6
2025-01-21T23:17:22.222+01:00  INFO 22804 --- [products_zara] [           main] .s.d.r.c.RepositoryConfigurationDelegate : Bootstrapping Spring Data JPA repositories in DEFAULT mode.
2025-01-21T23:17:22.308+01:00  INFO 22804 --- [products_zara] [           main] .s.d.r.c.RepositoryConfigurationDelegate : Finished Spring Data repository scanning in 68 ms. Found 1 JPA repository interface.
2025-01-21T23:17:22.806+01:00  INFO 22804 --- [products_zara] [           main] o.hibernate.jpa.internal.util.LogHelper  : HHH000204: Processing PersistenceUnitInfo [name: default]
2025-01-21T23:17:22.919+01:00  INFO 22804 --- [products_zara] [           main] org.hibernate.Version                    : HHH000412: Hibernate ORM core version 6.6.2.Final
2025-01-21T23:17:22.982+01:00  INFO 22804 --- [products_zara] [           main] o.h.c.internal.RegionFactoryInitiator    : HHH000026: Second-level cache disabled
2025-01-21T23:17:23.451+01:00  INFO 22804 --- [products_zara] [           main] o.s.o.j.p.SpringPersistenceUnitInfo      : No LoadTimeWeaver setup: ignoring JPA class transformer
2025-01-21T23:17:23.496+01:00  INFO 22804 --- [products_zara] [           main] com.zaxxer.hikari.HikariDataSource       : HikariPool-1 - Starting...
2025-01-21T23:17:23.732+01:00  INFO 22804 --- [products_zara] [           main] com.zaxxer.hikari.pool.HikariPool        : HikariPool-1 - Added connection conn0: url=jdbc:h2:mem:products user=SA
2025-01-21T23:17:23.735+01:00  INFO 22804 --- [products_zara] [           main] com.zaxxer.hikari.HikariDataSource       : HikariPool-1 - Start completed.
2025-01-21T23:17:23.777+01:00  WARN 22804 --- [products_zara] [           main] org.hibernate.orm.deprecation            : HHH90000025: H2Dialect does not need to be specified explicitly using 'hibernate.dialect' (remove the property setting and it will be selected by default)
2025-01-21T23:17:23.805+01:00  INFO 22804 --- [products_zara] [           main] org.hibernate.orm.connections.pooling    : HHH10001005: Database info:
	Database JDBC URL [Connecting through datasource 'HikariDataSource (HikariPool-1)']
	Database driver: undefined/unknown
	Database version: 2.3.232
	Autocommit mode: undefined/unknown
	Isolation level: undefined/unknown
	Minimum pool size: undefined/unknown
	Maximum pool size: undefined/unknown
2025-01-21T23:17:24.701+01:00  INFO 22804 --- [products_zara] [           main] o.h.e.t.j.p.i.JtaPlatformInitiator       : HHH000489: No JTA platform available (set 'hibernate.transaction.jta.platform' to enable JTA platform integration)
2025-01-21T23:17:24.746+01:00  INFO 22804 --- [products_zara] [           main] j.LocalContainerEntityManagerFactoryBean : Initialized JPA EntityManagerFactory for persistence unit 'default'
2025-01-21T23:17:25.419+01:00  WARN 22804 --- [products_zara] [           main] JpaBaseConfiguration$JpaWebConfiguration : spring.jpa.open-in-view is enabled by default. Therefore, database queries may be performed during view rendering. Explicitly configure spring.jpa.open-in-view to disable this warning
2025-01-21T23:17:25.559+01:00 DEBUG 22804 --- [products_zara] [           main] s.w.s.m.m.a.RequestMappingHandlerMapping : 8 mappings in 'requestMappingHandlerMapping'
2025-01-21T23:17:25.692+01:00 DEBUG 22804 --- [products_zara] [           main] o.s.w.s.handler.SimpleUrlHandlerMapping  : Patterns [/webjars/**, /**, /swagger-ui*/*swagger-initializer.js, /swagger-ui*/**] in 'resourceHandlerMapping'
2025-01-21T23:17:25.744+01:00 DEBUG 22804 --- [products_zara] [           main] s.w.s.m.m.a.RequestMappingHandlerAdapter : ControllerAdvice beans: 0 @ModelAttribute, 0 @InitBinder, 1 RequestBodyAdvice, 1 ResponseBodyAdvice
2025-01-21T23:17:25.806+01:00 DEBUG 22804 --- [products_zara] [           main] .m.m.a.ExceptionHandlerExceptionResolver : ControllerAdvice beans: 1 @ExceptionHandler, 1 ResponseBodyAdvice
2025-01-21T23:17:25.919+01:00  INFO 22804 --- [products_zara] [           main] o.s.b.a.h2.H2ConsoleAutoConfiguration    : H2 console available at '/h2-console'. Database available at 'jdbc:h2:mem:products'
2025-01-21T23:17:25.990+01:00  INFO 22804 --- [products_zara] [           main] o.s.b.t.m.w.SpringBootMockServletContext : Initializing Spring TestDispatcherServlet ''
2025-01-21T23:17:25.990+01:00  INFO 22804 --- [products_zara] [           main] o.s.t.web.servlet.TestDispatcherServlet  : Initializing Servlet ''
2025-01-21T23:17:25.992+01:00  INFO 22804 --- [products_zara] [           main] o.s.t.web.servlet.TestDispatcherServlet  : Completed initialization in 1 ms
2025-01-21T23:17:26.025+01:00  INFO 22804 --- [products_zara] [           main] zara.capitole.config.JpaDatabaseConfig   : Generate files in database
2025-01-21T23:17:26.168+01:00  INFO 22804 --- [products_zara] [           main] zara.capitole.config.JpaDatabaseConfig   : Database generate
2025-01-21T23:17:26.168+01:00  INFO 22804 --- [products_zara] [           main] t.z.c.controller.ProductControllerTest   : Started ProductControllerTest in 5.322 seconds (process running for 6.517)
2025-01-21T23:17:26.715+01:00  INFO 22804 --- [products_zara] [           main] o.s.b.t.m.w.SpringBootMockServletContext : Initializing Spring TestDispatcherServlet ''
2025-01-21T23:17:26.715+01:00  INFO 22804 --- [products_zara] [           main] o.s.t.web.servlet.TestDispatcherServlet  : Initializing Servlet ''
2025-01-21T23:17:26.716+01:00  INFO 22804 --- [products_zara] [           main] o.s.t.web.servlet.TestDispatcherServlet  : Completed initialization in 1 ms
2025-01-21T23:17:26.786+01:00 DEBUG 22804 --- [products_zara] [           main] s.w.s.m.m.a.RequestMappingHandlerMapping : Mapped to zara.capitole.controller.ProductController#getListProductFilteredByActualTimeProuctIdAndBrandId(String, String, String)
2025-01-21T23:17:26.977+01:00 DEBUG 22804 --- [products_zara] [           main] m.m.a.RequestResponseBodyMethodProcessor : Using 'application/json', given [*/*] and supported [application/json, application/*+json, application/yaml]
2025-01-21T23:17:26.981+01:00 DEBUG 22804 --- [products_zara] [           main] m.m.a.RequestResponseBodyMethodProcessor : Writing [[ProductDTO(productId=35455, brandId=1, date=2020-06-14T10:00, discount=1, price=35.5EUR)]]
]]></system-out>
  </testcase>
  <testcase name="shouldFilterProducts(String, String, String, int)[2]" classname="test.zara.capitole.controller.ProductControllerTest" time="0.01">
    <system-out><![CDATA[2025-01-21T23:17:27.103+01:00  INFO 22804 --- [products_zara] [           main] o.s.b.t.m.w.SpringBootMockServletContext : Initializing Spring TestDispatcherServlet ''
2025-01-21T23:17:27.103+01:00  INFO 22804 --- [products_zara] [           main] o.s.t.web.servlet.TestDispatcherServlet  : Initializing Servlet ''
2025-01-21T23:17:27.104+01:00  INFO 22804 --- [products_zara] [           main] o.s.t.web.servlet.TestDispatcherServlet  : Completed initialization in 1 ms
2025-01-21T23:17:27.104+01:00 DEBUG 22804 --- [products_zara] [           main] s.w.s.m.m.a.RequestMappingHandlerMapping : Mapped to zara.capitole.controller.ProductController#getListProductFilteredByActualTimeProuctIdAndBrandId(String, String, String)
2025-01-21T23:17:27.107+01:00 DEBUG 22804 --- [products_zara] [           main] m.m.a.RequestResponseBodyMethodProcessor : Using 'application/json', given [*/*] and supported [application/json, application/*+json, application/yaml]
2025-01-21T23:17:27.108+01:00 DEBUG 22804 --- [products_zara] [           main] m.m.a.RequestResponseBodyMethodProcessor : Writing [[ProductDTO(productId=35455, brandId=1, date=2020-06-14T16:00, discount=1, price=35.5EUR), ProductDT (truncated)...]
]]></system-out>
  </testcase>
  <testcase name="shouldFilterProducts(String, String, String, int)[3]" classname="test.zara.capitole.controller.ProductControllerTest" time="0.02">
    <system-out><![CDATA[2025-01-21T23:17:27.116+01:00  INFO 22804 --- [products_zara] [           main] o.s.b.t.m.w.SpringBootMockServletContext : Initializing Spring TestDispatcherServlet ''
2025-01-21T23:17:27.117+01:00  INFO 22804 --- [products_zara] [           main] o.s.t.web.servlet.TestDispatcherServlet  : Initializing Servlet ''
2025-01-21T23:17:27.118+01:00  INFO 22804 --- [products_zara] [           main] o.s.t.web.servlet.TestDispatcherServlet  : Completed initialization in 1 ms
2025-01-21T23:17:27.119+01:00 DEBUG 22804 --- [products_zara] [           main] s.w.s.m.m.a.RequestMappingHandlerMapping : Mapped to zara.capitole.controller.ProductController#getListProductFilteredByActualTimeProuctIdAndBrandId(String, String, String)
2025-01-21T23:17:27.125+01:00 DEBUG 22804 --- [products_zara] [           main] m.m.a.RequestResponseBodyMethodProcessor : Using 'application/json', given [*/*] and supported [application/json, application/*+json, application/yaml]
2025-01-21T23:17:27.126+01:00 DEBUG 22804 --- [products_zara] [           main] m.m.a.RequestResponseBodyMethodProcessor : Writing [[ProductDTO(productId=35455, brandId=1, date=2020-06-14T21:00, discount=1, price=35.5EUR)]]
]]></system-out>
  </testcase>
  <testcase name="shouldFilterProducts(String, String, String, int)[4]" classname="test.zara.capitole.controller.ProductControllerTest" time="0.017">
    <system-out><![CDATA[2025-01-21T23:17:27.137+01:00  INFO 22804 --- [products_zara] [           main] o.s.b.t.m.w.SpringBootMockServletContext : Initializing Spring TestDispatcherServlet ''
2025-01-21T23:17:27.137+01:00  INFO 22804 --- [products_zara] [           main] o.s.t.web.servlet.TestDispatcherServlet  : Initializing Servlet ''
2025-01-21T23:17:27.139+01:00  INFO 22804 --- [products_zara] [           main] o.s.t.web.servlet.TestDispatcherServlet  : Completed initialization in 2 ms
2025-01-21T23:17:27.141+01:00 DEBUG 22804 --- [products_zara] [           main] s.w.s.m.m.a.RequestMappingHandlerMapping : Mapped to zara.capitole.controller.ProductController#getListProductFilteredByActualTimeProuctIdAndBrandId(String, String, String)
2025-01-21T23:17:27.145+01:00 DEBUG 22804 --- [products_zara] [           main] m.m.a.RequestResponseBodyMethodProcessor : Using 'application/json', given [*/*] and supported [application/json, application/*+json, application/yaml]
2025-01-21T23:17:27.145+01:00 DEBUG 22804 --- [products_zara] [           main] m.m.a.RequestResponseBodyMethodProcessor : Writing [[ProductDTO(productId=35455, brandId=1, date=2020-06-15T10:00, discount=1, price=35.5EUR), ProductDT (truncated)...]
]]></system-out>
  </testcase>
  <testcase name="shouldFilterProducts(String, String, String, int)[5]" classname="test.zara.capitole.controller.ProductControllerTest" time="0.016">
    <system-out><![CDATA[2025-01-21T23:17:27.157+01:00  INFO 22804 --- [products_zara] [           main] o.s.b.t.m.w.SpringBootMockServletContext : Initializing Spring TestDispatcherServlet ''
2025-01-21T23:17:27.157+01:00  INFO 22804 --- [products_zara] [           main] o.s.t.web.servlet.TestDispatcherServlet  : Initializing Servlet ''
2025-01-21T23:17:27.158+01:00  INFO 22804 --- [products_zara] [           main] o.s.t.web.servlet.TestDispatcherServlet  : Completed initialization in 1 ms
2025-01-21T23:17:27.160+01:00 DEBUG 22804 --- [products_zara] [           main] s.w.s.m.m.a.RequestMappingHandlerMapping : Mapped to zara.capitole.controller.ProductController#getListProductFilteredByActualTimeProuctIdAndBrandId(String, String, String)
2025-01-21T23:17:27.164+01:00 DEBUG 22804 --- [products_zara] [           main] m.m.a.RequestResponseBodyMethodProcessor : Using 'application/json', given [*/*] and supported [application/json, application/*+json, application/yaml]
2025-01-21T23:17:27.165+01:00 DEBUG 22804 --- [products_zara] [           main] m.m.a.RequestResponseBodyMethodProcessor : Writing [[ProductDTO(productId=35455, brandId=1, date=2020-06-16T21:00, discount=1, price=35.5EUR), ProductDT (truncated)...]
]]></system-out>
  </testcase>
</testsuite>